<?xml version="1.0" encoding="utf-8"?><testsuites name="pytest tests"><testsuite name="pytest" errors="0" failures="0" skipped="0" tests="16" time="5.786" timestamp="2026-03-05T11:55:24.842909+00:00" hostname="agent-env-ac9742a3-c35f-4792-8a50-08c871a0a8ee"><testcase classname="backend.tests.test_tile_shop_api.TestHealthEndpoint" name="test_health_endpoint" time="0.125" /><testcase classname="backend.tests.test_tile_shop_api.TestTilesEndpoints" name="test_get_tiles" time="0.113" /><testcase classname="backend.tests.test_tile_shop_api.TestTilesEndpoints" name="test_create_tile" time="0.130" /><testcase classname="backend.tests.test_tile_shop_api.TestTilesEndpoints" name="test_create_and_delete_tile" time="0.215" /><testcase classname="backend.tests.test_tile_shop_api.TestGranitesEndpoints" name="test_get_granites" time="0.109" /><testcase classname="backend.tests.test_tile_shop_api.TestGranitesEndpoints" name="test_create_granite" time="0.101" /><testcase classname="backend.tests.test_tile_shop_api.TestGranitesEndpoints" name="test_update_granite" time="0.302" /><testcase classname="backend.tests.test_tile_shop_api.TestGranitesEndpoints" name="test_delete_granite" time="0.225" /><testcase classname="backend.tests.test_tile_shop_api.TestCustomersEndpoints" name="test_get_customers" time="0.104" /><testcase classname="backend.tests.test_tile_shop_api.TestCustomersEndpoints" name="test_create_customer" time="0.101" /><testcase classname="backend.tests.test_tile_shop_api.TestInvoicesEndpoints" name="test_get_invoices" time="0.315" /><testcase classname="backend.tests.test_tile_shop_api.TestInvoicesEndpoints" name="test_create_invoice_tiles_box" time="0.418" /><testcase classname="backend.tests.test_tile_shop_api.TestInvoicesEndpoints" name="test_create_invoice_tile_pieces" time="0.433" /><testcase classname="backend.tests.test_tile_shop_api.TestInvoicesEndpoints" name="test_create_invoice_granite" time="0.422" /><testcase classname="backend.tests.test_tile_shop_api.TestInvoicesEndpoints" name="test_create_invoice_mixed_products" time="0.436" /><testcase classname="backend.tests.test_tile_shop_api.TestPDFGeneration" name="test_pdf_generation_mixed_products" time="2.177" /></testsuite></testsuites>