<?xml version="1.0" encoding="utf-8"?><testsuites name="pytest tests"><testsuite name="pytest" errors="0" failures="1" skipped="0" tests="18" time="8.632" timestamp="2026-02-13T11:31:51.244615+00:00" hostname="agent-env-767222ea-975d-4cb4-afde-1666730b7a2d"><testcase classname="backend.tests.test_crud_delete.TestHealthCheck" name="test_api_health" time="0.139" /><testcase classname="backend.tests.test_crud_delete.TestTilesCRUD" name="test_create_tile" time="0.227" /><testcase classname="backend.tests.test_crud_delete.TestTilesCRUD" name="test_get_tiles" time="0.493" /><testcase classname="backend.tests.test_crud_delete.TestTilesCRUD" name="test_update_tile" time="0.358" /><testcase classname="backend.tests.test_crud_delete.TestTilesCRUD" name="test_delete_tile" time="0.517" /><testcase classname="backend.tests.test_crud_delete.TestTilesCRUD" name="test_delete_nonexistent_tile" time="0.163" /><testcase classname="backend.tests.test_crud_delete.TestCustomersCRUD" name="test_create_customer" time="0.354" /><testcase classname="backend.tests.test_crud_delete.TestCustomersCRUD" name="test_get_customers" time="0.198" /><testcase classname="backend.tests.test_crud_delete.TestCustomersCRUD" name="test_update_customer" time="0.418" /><testcase classname="backend.tests.test_crud_delete.TestCustomersCRUD" name="test_delete_customer" time="0.351" /><testcase classname="backend.tests.test_crud_delete.TestCustomersCRUD" name="test_delete_nonexistent_customer" time="0.237" /><testcase classname="backend.tests.test_crud_delete.TestInvoicesCRUD" name="test_create_invoice" time="0.503" /><testcase classname="backend.tests.test_crud_delete.TestInvoicesCRUD" name="test_get_invoices" time="0.518" /><testcase classname="backend.tests.test_crud_delete.TestInvoicesCRUD" name="test_delete_invoice" time="0.740" /><testcase classname="backend.tests.test_crud_delete.TestInvoicesCRUD" name="test_delete_nonexistent_invoice" time="0.425" /><testcase classname="backend.tests.test_crud_delete.TestPDFGeneration" name="test_pdf_download" time="0.385"><failure message="AssertionError: PDF download failed: {&quot;detail&quot;:&quot;Invoice not found&quot;}&#10;assert 404 == 200&#10; +  where 404 = &lt;Response [404]&gt;.status_code">backend/tests/test_crud_delete.py:409: in test_pdf_download
    assert pdf_response.status_code == 200, f"PDF download failed: {pdf_response.text}"
E   AssertionError: PDF download failed: {"detail":"Invoice not found"}
E   assert 404 == 200
E    +  where 404 = &lt;Response [404]&gt;.status_code</failure></testcase><testcase classname="backend.tests.test_crud_delete.TestPDFGeneration" name="test_public_pdf_endpoint" time="2.261" /><testcase classname="backend.tests.test_crud_delete.TestWhatsAppSharePreparation" name="test_invoice_has_required_fields_for_whatsapp" time="0.236" /></testsuite></testsuites>