<?xml version="1.0" encoding="utf-8"?><testsuites name="pytest tests"><testsuite name="pytest" errors="0" failures="1" skipped="0" tests="18" time="10.100" timestamp="2026-02-13T11:30:05.091868+00:00" hostname="agent-env-767222ea-975d-4cb4-afde-1666730b7a2d"><testcase classname="backend.tests.test_crud_delete.TestHealthCheck" name="test_api_health" time="0.300" /><testcase classname="backend.tests.test_crud_delete.TestTilesCRUD" name="test_create_tile" time="0.263" /><testcase classname="backend.tests.test_crud_delete.TestTilesCRUD" name="test_get_tiles" time="0.118" /><testcase classname="backend.tests.test_crud_delete.TestTilesCRUD" name="test_update_tile" time="0.341" /><testcase classname="backend.tests.test_crud_delete.TestTilesCRUD" name="test_delete_tile" time="0.367" /><testcase classname="backend.tests.test_crud_delete.TestTilesCRUD" name="test_delete_nonexistent_tile" time="0.145" /><testcase classname="backend.tests.test_crud_delete.TestCustomersCRUD" name="test_create_customer" time="0.382" /><testcase classname="backend.tests.test_crud_delete.TestCustomersCRUD" name="test_get_customers" time="0.124" /><testcase classname="backend.tests.test_crud_delete.TestCustomersCRUD" name="test_update_customer" time="0.436" /><testcase classname="backend.tests.test_crud_delete.TestCustomersCRUD" name="test_delete_customer" time="0.350" /><testcase classname="backend.tests.test_crud_delete.TestCustomersCRUD" name="test_delete_nonexistent_customer" time="0.169" /><testcase classname="backend.tests.test_crud_delete.TestInvoicesCRUD" name="test_create_invoice" time="0.665" /><testcase classname="backend.tests.test_crud_delete.TestInvoicesCRUD" name="test_get_invoices" time="0.692" /><testcase classname="backend.tests.test_crud_delete.TestInvoicesCRUD" name="test_delete_invoice" time="0.493"><failure message="AssertionError: Delete failed: {&quot;detail&quot;:&quot;Not Found&quot;}&#10;assert 404 == 200&#10; +  where 404 = &lt;Response [404]&gt;.status_code">backend/tests/test_crud_delete.py:367: in test_delete_invoice
    assert delete_response.status_code == 200, f"Delete failed: {delete_response.text}"
E   AssertionError: Delete failed: {"detail":"Not Found"}
E   assert 404 == 200
E    +  where 404 = &lt;Response [404]&gt;.status_code</failure></testcase><testcase classname="backend.tests.test_crud_delete.TestInvoicesCRUD" name="test_delete_nonexistent_invoice" time="0.350" /><testcase classname="backend.tests.test_crud_delete.TestPDFGeneration" name="test_pdf_download" time="2.390" /><testcase classname="backend.tests.test_crud_delete.TestPDFGeneration" name="test_public_pdf_endpoint" time="2.109" /><testcase classname="backend.tests.test_crud_delete.TestWhatsAppSharePreparation" name="test_invoice_has_required_fields_for_whatsapp" time="0.227" /></testsuite></testsuites>